<?xml version="1.0" encoding="UTF-8"?>
<testng-results skipped="0" failed="0" total="1" passed="1">
  <reporter-output>
  </reporter-output>
  <suite name="Parallel Tests" duration-ms="35348" started-at="2016-09-23T15:17:09Z" finished-at="2016-09-23T15:17:44Z">
    <groups>
    </groups>
    <test name="Windows+Firefox1 Test" duration-ms="35348" started-at="2016-09-23T15:17:09Z" finished-at="2016-09-23T15:17:44Z">
      <class name="demo.SeGridTest">
        <test-method status="PASS" signature="setup(java.lang.String, java.lang.String)[pri:0, instance:demo.SeGridTest@3b81a1bc]" name="setup" is-config="true" duration-ms="17797" started-at="2016-09-23T20:47:09Z" finished-at="2016-09-23T20:47:27Z">
          <params>
            <param index="0">
              <value>
                <![CDATA[Windows]]>
              </value>
            </param>
            <param index="1">
              <value>
                <![CDATA[Firefox]]>
              </value>
            </param>
          </params>
          <reporter-output>
          </reporter-output>
        </test-method> <!-- setup -->
        <test-method status="PASS" signature="testBmiCalculator()[pri:0, instance:demo.SeGridTest@3b81a1bc]" name="testBmiCalculator" duration-ms="16488" started-at="2016-09-23T20:47:27Z" description="Test Bmi Calculator" finished-at="2016-09-23T20:47:43Z">
          <reporter-output>
          </reporter-output>
        </test-method> <!-- testBmiCalculator -->
        <test-method status="PASS" signature="afterTest()[pri:0, instance:demo.SeGridTest@3b81a1bc]" name="afterTest" is-config="true" duration-ms="1043" started-at="2016-09-23T20:47:43Z" finished-at="2016-09-23T20:47:44Z">
          <reporter-output>
          </reporter-output>
        </test-method> <!-- afterTest -->
      </class> <!-- demo.SeGridTest -->
    </test> <!-- Windows+Firefox1 Test -->
  </suite> <!-- Parallel Tests -->
</testng-results>
