<?xml version="1.0" encoding="UTF-8"?>
<testng-results skipped="0" failed="1" total="2" passed="1">
  <reporter-output>
  </reporter-output>
  <suite name="Parallel Tests" duration-ms="33896" started-at="2016-09-23T07:51:15Z" finished-at="2016-09-23T07:51:49Z">
    <groups>
    </groups>
    <test name="Windows+Firefox1 Test" duration-ms="33896" started-at="2016-09-23T07:51:15Z" finished-at="2016-09-23T07:51:49Z">
      <class name="demo.SeGridTest">
        <test-method status="PASS" signature="setup(java.lang.String, java.lang.String)[pri:0, instance:demo.SeGridTest@3532ec19]" name="setup" is-config="true" duration-ms="23948" started-at="2016-09-23T13:21:16Z" finished-at="2016-09-23T13:21:39Z">
          <params>
            <param index="0">
              <value>
                <![CDATA[Windows]]>
              </value>
            </param>
            <param index="1">
              <value>
                <![CDATA[Firefox]]>
              </value>
            </param>
          </params>
          <reporter-output>
          </reporter-output>
        </test-method> <!-- setup -->
        <test-method status="PASS" signature="setup(java.lang.String, java.lang.String)[pri:0, instance:demo.SeGridTest@3532ec19]" name="setup" is-config="true" duration-ms="18046" started-at="2016-09-23T13:21:16Z" finished-at="2016-09-23T13:21:34Z">
          <params>
            <param index="0">
              <value>
                <![CDATA[Windows]]>
              </value>
            </param>
            <param index="1">
              <value>
                <![CDATA[Firefox]]>
              </value>
            </param>
          </params>
          <reporter-output>
          </reporter-output>
        </test-method> <!-- setup -->
        <test-method status="FAIL" signature="testBmiCalculator2()[pri:0, instance:demo.SeGridTest@3532ec19]" name="testBmiCalculator2" duration-ms="15782" started-at="2016-09-23T13:21:34Z" description="Test Bmi Calculator2" finished-at="2016-09-23T13:21:49Z">
          <exception class="org.openqa.selenium.remote.SessionNotFoundException">
            <message>
              <![CDATA[The FirefoxDriver cannot be used after quit() was called.
Build info: version: '2.53.1', revision: 'a36b8b1cd5757287168e54b817830adce9b0158d', time: '2016-06-30 19:26:09'
System info: host: 'XE-T-NITINGO', ip: '169.254.153.248', os.name: 'Windows 8.1', os.arch: 'amd64', os.version: '6.3', java.version: '1.8.0_91'
Driver info: driver.version: RemoteWebDriver]]>
            </message>
            <full-stacktrace>
              <![CDATA[org.openqa.selenium.remote.SessionNotFoundException: The FirefoxDriver cannot be used after quit() was called.
Build info: version: '2.53.1', revision: 'a36b8b1cd5757287168e54b817830adce9b0158d', time: '2016-06-30 19:26:09'
System info: host: 'XE-T-NITINGO', ip: '169.254.153.248', os.name: 'Windows 8.1', os.arch: 'amd64', os.version: '6.3', java.version: '1.8.0_91'
Driver info: driver.version: RemoteWebDriver
	at org.openqa.selenium.firefox.FirefoxDriver$LazyCommandExecutor.execute(FirefoxDriver.java:377)
	at org.openqa.selenium.remote.RemoteWebDriver.execute(RemoteWebDriver.java:644)
	at org.openqa.selenium.remote.RemoteWebDriver.findElement(RemoteWebDriver.java:363)
	at org.openqa.selenium.remote.RemoteWebDriver.findElementByName(RemoteWebDriver.java:461)
	at org.openqa.selenium.By$ByName.findElement(By.java:303)
	at org.openqa.selenium.remote.RemoteWebDriver.findElement(RemoteWebDriver.java:355)
	at demo.SeGridTest.testBmiCalculator2(SeGridTest.java:109)
	at sun.reflect.NativeMethodAccessorImpl.invoke0(Native Method)
	at sun.reflect.NativeMethodAccessorImpl.invoke(Unknown Source)
	at sun.reflect.DelegatingMethodAccessorImpl.invoke(Unknown Source)
	at java.lang.reflect.Method.invoke(Unknown Source)
	at org.testng.internal.MethodInvocationHelper.invokeMethod(MethodInvocationHelper.java:85)
	at org.testng.internal.Invoker.invokeMethod(Invoker.java:659)
	at org.testng.internal.Invoker.invokeTestMethod(Invoker.java:845)
	at org.testng.internal.Invoker.invokeTestMethods(Invoker.java:1153)
	at org.testng.internal.TestMethodWorker.invokeTestMethods(TestMethodWorker.java:125)
	at org.testng.internal.TestMethodWorker.run(TestMethodWorker.java:108)
	at java.util.concurrent.ThreadPoolExecutor.runWorker(Unknown Source)
	at java.util.concurrent.ThreadPoolExecutor$Worker.run(Unknown Source)
	at java.lang.Thread.run(Unknown Source)
]]>
            </full-stacktrace>
          </exception> <!-- org.openqa.selenium.remote.SessionNotFoundException -->
          <reporter-output>
          </reporter-output>
        </test-method> <!-- testBmiCalculator2 -->
        <test-method status="PASS" signature="testBmiCalculator1()[pri:0, instance:demo.SeGridTest@3532ec19]" name="testBmiCalculator1" duration-ms="981" started-at="2016-09-23T13:21:39Z" description="Test Bmi Calculator1" finished-at="2016-09-23T13:21:40Z">
          <reporter-output>
          </reporter-output>
        </test-method> <!-- testBmiCalculator1 -->
      </class> <!-- demo.SeGridTest -->
    </test> <!-- Windows+Firefox1 Test -->
  </suite> <!-- Parallel Tests -->
</testng-results>
